<?xml version="1.0" encoding="UTF-8"?>
<!-- Generated by org.testng.reporters.JUnitReportReporter -->
<testsuite hostname="DESKTOP-FP5DTCA" failures="0" tests="3" name="testingproject.Delta" time="0.014" errors="0" timestamp="2022-02-08T17:32:32 IST" skipped="0">
  <testcase classname="testingproject.Delta" name="testB" time="0.003"/>
  <system-out/>
  <testcase classname="testingproject.Delta" name="testC" time="0.009"/>
  <system-out/>
  <testcase classname="testingproject.Delta" name="testA" time="0.002"/>
  <system-out/>
</testsuite> <!-- testingproject.Delta -->
